<?xml version="1.0" encoding="UTF-8"?>
<!-- Generated by org.testng.reporters.JUnitReportReporter -->
<testsuite hostname="HANEESH-57" failures="0" tests="2" name="testCases.TC002_LoginTest" time="3.302" errors="0" timestamp="2025-07-29T00:36:51 IST" skipped="0">
  <testcase classname="testCases.TC002_LoginTest" name="verify_login" time="1.779"/>
  <testcase classname="testCases.TC002_LoginTest" name="verify_login" time="1.523"/>
</testsuite> <!-- testCases.TC002_LoginTest -->
